<?xml version="1.0" encoding="UTF-8"?>
<testng-results skipped="0" failed="0" total="1" passed="1">
  <reporter-output>
  </reporter-output>
  <suite name="Suite" duration-ms="22470" started-at="2018-10-31T04:34:33Z" finished-at="2018-10-31T04:34:56Z">
    <groups>
    </groups>
    <test name="Test" duration-ms="22470" started-at="2018-10-31T04:34:33Z" finished-at="2018-10-31T04:34:56Z">
      <class name="testcases.ExcuteTest">
        <test-method status="PASS" signature="setUp(java.lang.String)[pri:0, instance:testcases.ExcuteTest@256216b3]" name="setUp" is-config="true" duration-ms="5840" started-at="2018-10-31T10:04:33Z" finished-at="2018-10-31T10:04:39Z">
          <params>
            <param index="0">
              <value>
                <![CDATA[chrome]]>
              </value>
            </param>
          </params>
          <reporter-output>
          </reporter-output>
        </test-method> <!-- setUp -->
        <test-method status="PASS" signature="executeTest()[pri:0, instance:testcases.ExcuteTest@256216b3]" name="executeTest" duration-ms="15713" started-at="2018-10-31T10:04:39Z" finished-at="2018-10-31T10:04:55Z">
          <reporter-output>
          </reporter-output>
        </test-method> <!-- executeTest -->
        <test-method status="PASS" signature="tearDown()[pri:0, instance:testcases.ExcuteTest@256216b3]" name="tearDown" is-config="true" duration-ms="909" started-at="2018-10-31T10:04:55Z" finished-at="2018-10-31T10:04:56Z">
          <reporter-output>
          </reporter-output>
        </test-method> <!-- tearDown -->
      </class> <!-- testcases.ExcuteTest -->
    </test> <!-- Test -->
  </suite> <!-- Suite -->
</testng-results>
