<?xml version="1.0" encoding="UTF-8"?>
<testng-results skipped="0" failed="0" total="1" passed="1">
  <reporter-output>
  </reporter-output>
  <suite name="Suite" duration-ms="41279" started-at="2018-10-09T04:44:32Z" finished-at="2018-10-09T04:45:13Z">
    <groups>
    </groups>
    <test name="Test" duration-ms="41279" started-at="2018-10-09T04:44:32Z" finished-at="2018-10-09T04:45:13Z">
      <class name="testcases.ExcuteTest">
        <test-method status="PASS" signature="setUp(java.lang.String)[pri:0, instance:testcases.ExcuteTest@523884b2]" name="setUp" is-config="true" duration-ms="4604" started-at="2018-10-09T10:14:32Z" finished-at="2018-10-09T10:14:36Z">
          <params>
            <param index="0">
              <value>
                <![CDATA[chrome]]>
              </value>
            </param>
          </params>
          <reporter-output>
          </reporter-output>
        </test-method> <!-- setUp -->
        <test-method status="PASS" signature="executeTest()[pri:0, instance:testcases.ExcuteTest@523884b2]" name="executeTest" duration-ms="35736" started-at="2018-10-09T10:14:36Z" finished-at="2018-10-09T10:15:12Z">
          <reporter-output>
          </reporter-output>
        </test-method> <!-- executeTest -->
        <test-method status="PASS" signature="tearDown()[pri:0, instance:testcases.ExcuteTest@523884b2]" name="tearDown" is-config="true" duration-ms="923" started-at="2018-10-09T10:15:12Z" finished-at="2018-10-09T10:15:13Z">
          <reporter-output>
          </reporter-output>
        </test-method> <!-- tearDown -->
      </class> <!-- testcases.ExcuteTest -->
    </test> <!-- Test -->
  </suite> <!-- Suite -->
</testng-results>
